#
# There is insufficient memory for the Java Runtime Environment to continue.
# Native memory allocation (mmap) failed to map 257949696 bytes. Error detail: G1 virtual space
# Possible reasons:
#   The system is out of physical RAM or swap space
#   This process is running with CompressedOops enabled, and the Java Heap may be blocking the growth of the native heap
# Possible solutions:
#   Reduce memory load on the system
#   Increase physical memory or swap space
#   Check if swap backing store is full
#   Decrease Java heap size (-Xmx/-Xms)
#   Decrease number of Java threads
#   Decrease Java thread stack sizes (-Xss)
#   Set larger code cache with -XX:ReservedCodeCacheSize=
#   JVM is running with Zero Based Compressed Oops mode in which the Java heap is
#     placed in the first 32GB address space. The Java Heap base address is the
#     maximum limit for the native heap growth. Please use -XX:HeapBaseMinAddress
#     to set the Java Heap base and to place the Java Heap above 32GB virtual address.
# This output file may be truncated or incomplete.
#
#  Out of Memory Error (os_windows.cpp:3825), pid=1312, tid=16808
#
# JRE version:  (17.0.11) (build )
# Java VM: OpenJDK 64-Bit Server VM (17.0.11+0--11852314, mixed mode, sharing, tiered, compressed oops, compressed class ptrs, g1 gc, windows-amd64)
# No core dump will be written. Minidumps are not enabled by default on client versions of Windows
#

---------------  S U M M A R Y ------------

Command Line: org.jetbrains.kotlin.cli.jvm.K2JVMCompiler @C:\Users\shkan\AndroidStudioProjects\Playlist__Maker\app\build\20240924_14950268358248443186.compiler.options

Host: AMD Ryzen 5 5500U with Radeon Graphics         , 12 cores, 15G,  Windows 11 , 64 bit Build 22621 (10.0.22621.3958)
Time: Tue Sep 24 21:25:23 2024 RTZ 3 (s 11 , 64 bit Build 22621 (10.0.22621.3958) elapsed time: 0.012071 seconds (0d 0h 0m 0s)

---------------  T H R E A D  ---------------

Current thread (0x000002362b8d8fa0):  JavaThread "Unknown thread" [_thread_in_vm, id=16808, stack(0x000000e3a2a00000,0x000000e3a2b00000)]

Stack: [0x000000e3a2a00000,0x000000e3a2b00000]
Native frames: (J=compiled Java code, j=interpreted, Vv=VM code, C=native code)
V  [jvm.dll+0x687bb9]
V  [jvm.dll+0x84142a]
V  [jvm.dll+0x8430ae]
V  [jvm.dll+0x843713]
V  [jvm.dll+0x24a35f]
V  [jvm.dll+0x684989]
V  [jvm.dll+0x67923a]
V  [jvm.dll+0x30af0b]
V  [jvm.dll+0x3123b6]
V  [jvm.dll+0x361dfe]
V  [jvm.dll+0x36202f]
V  [jvm.dll+0x2e0d38]
V  [jvm.dll+0x2e1ca4]
V  [jvm.dll+0x811f21]
V  [jvm.dll+0x36fb68]
V  [jvm.dll+0x7f0896]
V  [jvm.dll+0x3f3d2f]
V  [jvm.dll+0x3f58e1]
C  [jli.dll+0x528f]
C  [ucrtbase.dll+0x29333]
C  [KERNEL32.DLL+0x1257d]
C  [ntdll.dll+0x5af28]


---------------  P R O C E S S  ---------------

Threads class SMR info:
_java_thread_list=0x00007ff91c4fefd8, length=0, elements={
}

Java Threads: ( => current thread )

Other Threads:
  0x000002362b945290 GCTaskThread "GC Thread#0" [stack: 0x000000e3a2b00000,0x000000e3a2c00000] [id=7840]
  0x000002362b957670 ConcurrentGCThread "G1 Main Marker" [stack: 0x000000e3a2c00000,0x000000e3a2d00000] [id=16400]
  0x000002362b957f90 ConcurrentGCThread "G1 Conc#0" [stack: 0x000000e3a2d00000,0x000000e3a2e00000] [id=11588]

[error occurred during error reporting (printing all threads), id 0xc0000005, EXCEPTION_ACCESS_VIOLATION (0xc0000005) at pc=0x00007ff91bcb1907]

VM state: not at safepoint (not fully initialized)

VM Mutex/Monitor currently owned by a thread:  ([mutex/lock_event])
[0x000002362b8d4e80] Heap_lock - owner thread: 0x000002362b8d8fa0

Heap address: 0x000000070a800000, size: 3928 MB, Compressed Oops mode: Zero based, Oop shift amount: 3

CDS archive(s) mapped at: [0x0000000000000000-0x0000000000000000-0x0000000000000000), size 0, SharedBaseAddress: 0x0000000800000000, ArchiveRelocationMode: 1.
Narrow klass base: 0x0000000000000000, Narrow klass shift: 0, Narrow klass range: 0x0

GC Precious Log:
<Empty>

Heap:
 garbage-first heap   total 0K, used 0K [0x000000070a800000, 0x0000000800000000)
  region size 2048K, 0 young (0K), 0 survivors (0K)
 Metaspace       used 0K, committed 0K, reserved 0K
  class space    used 0K, committed 0K, reserved 0K

Heap Regions: E=young(eden), S=young(survivor), O=old, HS=humongous(starts), HC=humongous(continues), CS=collection set, F=free, OA=open archive, CA=closed archive, TAMS=top-at-mark-start (previous, next)

Card table byte_map: [0x000002363eab0000,0x000002363f260000] _byte_map_base: 0x000002363b25c000

Marking Bits (Prev, Next): (CMBitMap*) 0x000002362b9477c0, (CMBitMap*) 0x000002362b947800
 Prev Bits: [0x000002363fa10000, 0x0000023643770000)
 Next Bits: [0x0000023643770000, 0x00000236474d0000)

GC Heap History (0 events):
No events

Dll operation events (1 events):
Event: 0.008 Loaded shared library C:\Program Files\Android\Android Studio\jbr\bin\java.dll

Deoptimization events (0 events):
No events

Classes unloaded (0 events):
No events

Classes redefined (0 events):
No events

Internal exceptions (0 events):
No events

VM Operations (0 events):
No events

Events (0 events):
No events


Dynamic libraries:
0x00007ff7206b0000 - 0x00007ff7206ba000 	C:\Program Files\Android\Android Studio\jbr\bin\java.exe
0x00007ff973bd0000 - 0x00007ff973de7000 	C:\WINDOWS\SYSTEM32\ntdll.dll
0x00007ff972280000 - 0x00007ff972344000 	C:\WINDOWS\System32\KERNEL32.DLL
0x00007ff971550000 - 0x00007ff9718fd000 	C:\WINDOWS\System32\KERNELBASE.dll
0x00007ff971100000 - 0x00007ff971211000 	C:\WINDOWS\System32\ucrtbase.dll
0x00007ff95d5e0000 - 0x00007ff95d5f7000 	C:\Program Files\Android\Android Studio\jbr\bin\jli.dll
0x00007ff95d820000 - 0x00007ff95d83b000 	C:\Program Files\Android\Android Studio\jbr\bin\VCRUNTIME140.dll
0x00007ff972df0000 - 0x00007ff972f9e000 	C:\WINDOWS\System32\USER32.dll
0x00007ff971220000 - 0x00007ff971246000 	C:\WINDOWS\System32\win32u.dll
0x00007ff954e30000 - 0x00007ff9550c3000 	C:\WINDOWS\WinSxS\amd64_microsoft.windows.common-controls_6595b64144ccf1df_6.0.22621.3672_none_2713b9d173822955\COMCTL32.dll
0x00007ff9723e0000 - 0x00007ff972409000 	C:\WINDOWS\System32\GDI32.dll
0x00007ff973750000 - 0x00007ff9737f7000 	C:\WINDOWS\System32\msvcrt.dll
0x00007ff970ef0000 - 0x00007ff971009000 	C:\WINDOWS\System32\gdi32full.dll
0x00007ff971340000 - 0x00007ff9713da000 	C:\WINDOWS\System32\msvcp_win.dll
0x00007ff971ec0000 - 0x00007ff971ef1000 	C:\WINDOWS\System32\IMM32.DLL
0x00007ff96b370000 - 0x00007ff96b37c000 	C:\Program Files\Android\Android Studio\jbr\bin\vcruntime140_1.dll
0x00007ff948520000 - 0x00007ff9485ad000 	C:\Program Files\Android\Android Studio\jbr\bin\msvcp140.dll
0x00007ff91b9c0000 - 0x00007ff91c643000 	C:\Program Files\Android\Android Studio\jbr\bin\server\jvm.dll
0x00007ff971900000 - 0x00007ff9719b2000 	C:\WINDOWS\System32\ADVAPI32.dll
0x00007ff971f80000 - 0x00007ff972029000 	C:\WINDOWS\System32\sechost.dll
0x00007ff9710d0000 - 0x00007ff9710f8000 	C:\WINDOWS\System32\bcrypt.dll
0x00007ff971a70000 - 0x00007ff971b84000 	C:\WINDOWS\System32\RPCRT4.dll
0x00007ff970c10000 - 0x00007ff970c5d000 	C:\WINDOWS\SYSTEM32\POWRPROF.dll
0x00007ff969e60000 - 0x00007ff969e69000 	C:\WINDOWS\SYSTEM32\WSOCK32.dll
0x00007ff967b80000 - 0x00007ff967b8a000 	C:\WINDOWS\SYSTEM32\VERSION.dll
0x00007ff973420000 - 0x00007ff973491000 	C:\WINDOWS\System32\WS2_32.dll
0x00007ff96d7c0000 - 0x00007ff96d7f4000 	C:\WINDOWS\SYSTEM32\WINMM.dll
0x00007ff970bf0000 - 0x00007ff970c03000 	C:\WINDOWS\SYSTEM32\UMPDC.dll
0x00007ff96ff10000 - 0x00007ff96ff28000 	C:\WINDOWS\SYSTEM32\kernel.appcore.dll
0x00007ff966080000 - 0x00007ff96608a000 	C:\Program Files\Android\Android Studio\jbr\bin\jimage.dll
0x00007ff96e320000 - 0x00007ff96e552000 	C:\WINDOWS\SYSTEM32\DBGHELP.DLL
0x00007ff973800000 - 0x00007ff973b8e000 	C:\WINDOWS\System32\combase.dll
0x00007ff973650000 - 0x00007ff973727000 	C:\WINDOWS\System32\OLEAUT32.dll
0x00007ff9666f0000 - 0x00007ff966722000 	C:\WINDOWS\SYSTEM32\dbgcore.DLL
0x00007ff971250000 - 0x00007ff9712cb000 	C:\WINDOWS\System32\bcryptPrimitives.dll
0x00007ff95d600000 - 0x00007ff95d625000 	C:\Program Files\Android\Android Studio\jbr\bin\java.dll

dbghelp: loaded successfully - version: 4.0.5 - missing functions: none
symbol engine: initialized successfully - sym options: 0x614 - pdb path: .;C:\Program Files\Android\Android Studio\jbr\bin;C:\WINDOWS\SYSTEM32;C:\WINDOWS\WinSxS\amd64_microsoft.windows.common-controls_6595b64144ccf1df_6.0.22621.3672_none_2713b9d173822955;C:\Program Files\Android\Android Studio\jbr\bin\server

VM Arguments:
java_command: org.jetbrains.kotlin.cli.jvm.K2JVMCompiler @C:\Users\shkan\AndroidStudioProjects\Playlist__Maker\app\build\20240924_14950268358248443186.compiler.options
java_class_path (initial): C:\Users\shkan\.gradle\caches\modules-2\files-2.1\org.jetbrains.kotlin\kotlin-compiler-embeddable\1.9.0\2c8c3a7402becca891f12739b3e9fd2dc2adbd7a\kotlin-compiler-embeddable-1.9.0.jar;C:\Users\shkan\.gradle\caches\modules-2\files-2.1\org.jetbrains.kotlin\kotlin-stdlib\1.9.0\8ee15ef0c67dc83d874f412d84378d7f0eb50b63\kotlin-stdlib-1.9.0.jar;C:\Users\shkan\.gradle\caches\modules-2\files-2.1\org.jetbrains.kotlin\kotlin-script-runtime\1.9.0\4b3102cbbb7e1b58d9d1adf89563f00069ffa7d1\kotlin-script-runtime-1.9.0.jar;C:\Users\shkan\.gradle\caches\modules-2\files-2.1\org.jetbrains.kotlin\kotlin-reflect\1.6.10\1cbe9c92c12a94eea200d23c2bbaedaf3daf5132\kotlin-reflect-1.6.10.jar;C:\Users\shkan\.gradle\caches\modules-2\files-2.1\org.jetbrains.kotlin\kotlin-daemon-embeddable\1.9.0\186543f5e28cf8d9a0290fecc2cf34301c40a65c\kotlin-daemon-embeddable-1.9.0.jar;C:\Users\shkan\.gradle\caches\modules-2\files-2.1\org.jetbrains.intellij.deps\trove4j\1.0.20200330\3afb14d5f9ceb459d724e907a21145e8ff394f02\trove4j-1.0.20200330.jar;C:\Users\shkan\.gradle\caches\modules-2\files-2.1\org.jetbrains.kotlin\kotlin-stdlib-common\1.9.0\cd65c21cfd1eec4d44ef09f9f52b6d9f8a720636\kotlin-stdlib-common-1.9.0.jar;C:\Users\shkan\.gradle\caches\modules-2\files-2.1\org.jetbrains\annotations\13.0\919f0dfe192fb4e063e7dacadee7f8bb9a2672a9\annotations-13.0.jar
Launcher Type: SUN_STANDARD

[Global flags]
     intx CICompilerCount                          = 4                                         {product} {ergonomic}
     uint ConcGCThreads                            = 3                                         {product} {ergonomic}
     uint G1ConcRefinementThreads                  = 10                                        {product} {ergonomic}
   size_t G1HeapRegionSize                         = 2097152                                   {product} {ergonomic}
    uintx GCDrainStackTargetSize                   = 64                                        {product} {ergonomic}
   size_t InitialHeapSize                          = 257949696                                 {product} {ergonomic}
   size_t MarkStackSize                            = 4194304                                   {product} {ergonomic}
   size_t MaxHeapSize                              = 4118806528                                {product} {ergonomic}
   size_t MinHeapDeltaBytes                        = 2097152                                   {product} {ergonomic}
   size_t MinHeapSize                              = 8388608                                   {product} {ergonomic}
    uintx NonNMethodCodeHeapSize                   = 5839372                                {pd product} {ergonomic}
    uintx NonProfiledCodeHeapSize                  = 122909434                              {pd product} {ergonomic}
    uintx ProfiledCodeHeapSize                     = 122909434                              {pd product} {ergonomic}
    uintx ReservedCodeCacheSize                    = 251658240                              {pd product} {ergonomic}
     bool SegmentedCodeCache                       = true                                      {product} {ergonomic}
   size_t SoftMaxHeapSize                          = 4118806528                             {manageable} {ergonomic}
     bool UseCompressedClassPointers               = true                           {product lp64_product} {ergonomic}
     bool UseCompressedOops                        = true                           {product lp64_product} {ergonomic}
     bool UseG1GC                                  = true                                      {product} {ergonomic}
     bool UseLargePagesIndividualAllocation        = false                                  {pd product} {ergonomic}

Logging:
Log output configuration:
 #0: stdout all=warning uptime,level,tags
 #1: stderr all=off uptime,level,tags

Environment Variables:
PATH=C:\Program Files (x86)\jdk-19.0.2\bin;C:\Program Files\dotnet\;C:\Program Files\Git\cmd;C:\Users\shkan\AppData\Local\Microsoft\WindowsApps;C:\Program Files\IntelliJ IDEA Community Edition 2023.1.2\bin;;C:\Users\shkan\.dotnet\tools
USERNAME=shkan
OS=Windows_NT
PROCESSOR_IDENTIFIER=AMD64 Family 23 Model 104 Stepping 1, AuthenticAMD
TMP=C:\Users\shkan\AppData\Local\Temp
TEMP=C:\Users\shkan\AppData\Local\Temp



Periodic native trim disabled

JNI global refs:
JNI global refs: 0, weak refs: 0

JNI global refs memory usage: 0, weak refs: 0

Process memory usage:
Resident Set Size: 11788K (0% of 16083516K total physical memory with 2969060K free physical memory)

OOME stack traces (most recent first):
Classloader memory used:


---------------  S Y S T E M  ---------------

OS:
 Windows 11 , 64 bit Build 22621 (10.0.22621.3958)
OS uptime: 8 days 3:30 hours
Hyper-V role detected

CPU: total 12 (initial active 12) (12 cores per cpu, 2 threads per core) family 23 model 104 stepping 1 microcode 0x0, cx8, cmov, fxsr, ht, mmx, 3dnowpref, sse, sse2, sse3, ssse3, sse4a, sse4.1, sse4.2, popcnt, lzcnt, tsc, tscinvbit, avx, avx2, aes, clmul, bmi1, bmi2, adx, sha, fma, vzeroupper, clflush, clflushopt, hv
Processor Information for processor 0
  Max Mhz: 2100, Current Mhz: 2100, Mhz Limit: 2100
Processor Information for processor 1
  Max Mhz: 2100, Current Mhz: 1988, Mhz Limit: 2100
Processor Information for processor 2
  Max Mhz: 2100, Current Mhz: 1988, Mhz Limit: 2100
Processor Information for processor 3
  Max Mhz: 2100, Current Mhz: 1988, Mhz Limit: 2100
Processor Information for processor 4
  Max Mhz: 2100, Current Mhz: 2100, Mhz Limit: 2100
Processor Information for processor 5
  Max Mhz: 2100, Current Mhz: 1988, Mhz Limit: 2100
Processor Information for processor 6
  Max Mhz: 2100, Current Mhz: 1988, Mhz Limit: 2100
Processor Information for processor 7
  Max Mhz: 2100, Current Mhz: 2100, Mhz Limit: 2100
Processor Information for processor 8
  Max Mhz: 2100, Current Mhz: 2100, Mhz Limit: 2100
Processor Information for processor 9
  Max Mhz: 2100, Current Mhz: 1988, Mhz Limit: 2100
Processor Information for processor 10
  Max Mhz: 2100, Current Mhz: 2100, Mhz Limit: 2100
Processor Information for processor 11
  Max Mhz: 2100, Current Mhz: 1988, Mhz Limit: 2100

Memory: 4k page, system-wide physical 15706M (2899M free)
TotalPageFile size 20366M (AvailPageFile size 191M)
current process WorkingSet (physical memory assigned to process): 11M, peak: 11M
current process commit charge ("private bytes"): 64M, peak: 310M

vm_info: OpenJDK 64-Bit Server VM (17.0.11+0--11852314) for windows-amd64 JRE (17.0.11+0--11852314), built on May 16 2024 21:29:20 by "androidbuild" with MS VC++ 16.10 / 16.11 (VS2019)

END.
